<?xml version="1.0" encoding="UTF-8"?>
<!-- Generated by org.testng.reporters.JUnitReportReporter -->
<testsuite hostname="DESKTOP-FOKO1P1" failures="0" tests="1" name="qa.testcases.MobileViewRatio" time="144.927" errors="0" timestamp="2024-06-05T15:47:52 BDT" skipped="0">
  <testcase classname="qa.testcases.MobileViewRatio" name="testMobileViewRatios" time="144.927"/>
  <system-out/>
</testsuite> <!-- qa.testcases.MobileViewRatio -->
